# JRE version: 7.0_21-b11
# Java VM: Java HotSpot(TM) 64-Bit Server VM (23.21-b01 mixed mode windows-amd64 compressed oops)
Heap
 PSYoungGen      total 283968K, used 137822K [0x00000006c0000000, 0x00000006d2aa0000, 0x0000000800000000)
  eden space 262144K, 44% used [0x00000006c0000000,0x00000006c714ebe8,0x00000006d0000000)
  from space 21824K, 99% used [0x00000006d1550000,0x00000006d2a99000,0x00000006d2aa0000)
  to   space 21824K, 0% used [0x00000006d0000000,0x00000006d0000000,0x00000006d1550000)
 ParOldGen       total 349568K, used 61421K [0x0000000440000000, 0x0000000455560000, 0x00000006c0000000)
  object space 349568K, 17% used [0x0000000440000000,0x0000000443bfb470,0x0000000455560000)
 PSPermGen       total 21248K, used 7947K [0x000000043ae00000, 0x000000043c2c0000, 0x0000000440000000)
  object space 21248K, 37% used [0x000000043ae00000,0x000000043b5c2ca8,0x000000043c2c0000)
GC Heap History (4 events):
Event: 1.512 GC heap before
{Heap before GC invocations=1 (full 0):
 PSYoungGen      total 152896K, used 131072K [0x00000006c0000000, 0x00000006caaa0000, 0x0000000800000000)
  eden space 131072K, 100% used [0x00000006c0000000,0x00000006c8000000,0x00000006c8000000)
  from space 21824K, 0% used [0x00000006c9550000,0x00000006c9550000,0x00000006caaa0000)
  to   space 21824K, 0% used [0x00000006c8000000,0x00000006c8000000,0x00000006c9550000)
 ParOldGen       total 349568K, used 0K [0x0000000440000000, 0x0000000455560000, 0x00000006c0000000)
  object space 349568K, 0% used [0x0000000440000000,0x0000000440000000,0x0000000455560000)
 PSPermGen       total 21248K, used 7918K [0x000000043ae00000, 0x000000043c2c0000, 0x0000000440000000)
  object space 21248K, 37% used [0x000000043ae00000,0x000000043b5bbbd8,0x000000043c2c0000)
Event: 1.540 GC heap after
Heap after GC invocations=1 (full 0):
 PSYoungGen      total 152896K, used 21811K [0x00000006c0000000, 0x00000006d2aa0000, 0x0000000800000000)
  eden space 131072K, 0% used [0x00000006c0000000,0x00000006c0000000,0x00000006c8000000)
  from space 21824K, 99% used [0x00000006c8000000,0x00000006c954cff0,0x00000006c9550000)
  to   space 21824K, 0% used [0x00000006d1550000,0x00000006d1550000,0x00000006d2aa0000)
 ParOldGen       total 349568K, used 19325K [0x0000000440000000, 0x0000000455560000, 0x00000006c0000000)
  object space 349568K, 5% used [0x0000000440000000,0x00000004412df470,0x0000000455560000)
 PSPermGen       total 21248K, used 7918K [0x000000043ae00000, 0x000000043c2c0000, 0x0000000440000000)
  object space 21248K, 37% used [0x000000043ae00000,0x000000043b5bbbd8,0x000000043c2c0000)
}
Event: 1.674 GC heap before
{Heap before GC invocations=2 (full 0):
 PSYoungGen      total 152896K, used 152883K [0x00000006c0000000, 0x00000006d2aa0000, 0x0000000800000000)
  eden space 131072K, 100% used [0x00000006c0000000,0x00000006c8000000,0x00000006c8000000)
  from space 21824K, 99% used [0x00000006c8000000,0x00000006c954cff0,0x00000006c9550000)
  to   space 21824K, 0% used [0x00000006d1550000,0x00000006d1550000,0x00000006d2aa0000)
 ParOldGen       total 349568K, used 19325K [0x0000000440000000, 0x0000000455560000, 0x00000006c0000000)
  object space 349568K, 5% used [0x0000000440000000,0x00000004412df470,0x0000000455560000)
 PSPermGen       total 21248K, used 7919K [0x000000043ae00000, 0x000000043c2c0000, 0x0000000440000000)
  object space 21248K, 37% used [0x000000043ae00000,0x000000043b5bbcf8,0x000000043c2c0000)
Event: 1.733 GC heap after
Heap after GC invocations=2 (full 0):
 PSYoungGen      total 283968K, used 21796K [0x00000006c0000000, 0x00000006d2aa0000, 0x0000000800000000)
  eden space 262144K, 0% used [0x00000006c0000000,0x00000006c0000000,0x00000006d0000000)
  from space 21824K, 99% used [0x00000006d1550000,0x00000006d2a99000,0x00000006d2aa0000)
  to   space 21824K, 0% used [0x00000006d0000000,0x00000006d0000000,0x00000006d1550000)
 ParOldGen       total 349568K, used 61421K [0x0000000440000000, 0x0000000455560000, 0x00000006c0000000)
  object space 349568K, 17% used [0x0000000440000000,0x0000000443bfb470,0x0000000455560000)
 PSPermGen       total 21248K, used 7919K [0x000000043ae00000, 0x000000043c2c0000, 0x0000000440000000)
  object space 21248K, 37% used [0x000000043ae00000,0x000000043b5bbcf8,0x000000043c2c0000)
}

